11:09:43 **** Incremental Build of configuration Debug for project SMT_Oven_RTOS ****
usbdm-make all 
'Building file: ../Startup_Code/vectors.cpp'
'Invoking: ARM C++ Compiler'
arm-none-eabi-g++ -mcpu=cortex-m4 -mthumb -g3 -O0 -ffunction-sections -fdata-sections -fno-rtti -Wall -Wextra -DDEBUG_BUILD -D__CORTEX_M4 -D__CMSIS_RTOS -I"C:/Users/podonoghue/Documents/Development/T962a_Oven_Controller/Software/SMT_Oven_RTOS/Sources" -I"C:/Users/podonoghue/Documents/Development/T962a_Oven_Controller/Software/SMT_Oven_RTOS/Project_Headers" -I"C:/Users/podonoghue/Documents/Development/T962a_Oven_Controller/Software/SMT_Oven_RTOS/cmsis" -I"C:/Users/podonoghue/Documents/Development/T962a_Oven_Controller/Software/SMT_Oven_RTOS/cmsis/INC" -I"C:/Users/podonoghue/Documents/Development/T962a_Oven_Controller/Software/SMT_Oven_RTOS/cmsis/SRC" -fno-exceptions -std=gnu++11 -c -fmessage-length=0 -MT"Startup_Code/vectors.o" -MMD -MP -MF"Startup_Code/vectors.d" -MT"Startup_Code/vectors.o"  -o "Startup_Code/vectors.o" ../Startup_Code/vectors.cpp
'Finished building: ../Startup_Code/vectors.cpp'
' '
'Building file: ../Sources/main.cpp'
'Invoking: ARM C++ Compiler'
arm-none-eabi-g++ -mcpu=cortex-m4 -mthumb -g3 -O0 -ffunction-sections -fdata-sections -fno-rtti -Wall -Wextra -DDEBUG_BUILD -D__CORTEX_M4 -D__CMSIS_RTOS -I"C:/Users/podonoghue/Documents/Development/T962a_Oven_Controller/Software/SMT_Oven_RTOS/Sources" -I"C:/Users/podonoghue/Documents/Development/T962a_Oven_Controller/Software/SMT_Oven_RTOS/Project_Headers" -I"C:/Users/podonoghue/Documents/Development/T962a_Oven_Controller/Software/SMT_Oven_RTOS/cmsis" -I"C:/Users/podonoghue/Documents/Development/T962a_Oven_Controller/Software/SMT_Oven_RTOS/cmsis/INC" -I"C:/Users/podonoghue/Documents/Development/T962a_Oven_Controller/Software/SMT_Oven_RTOS/cmsis/SRC" -fno-exceptions -std=gnu++11 -c -fmessage-length=0 -MT"Sources/main.o" -MMD -MP -MF"Sources/main.d" -MT"Sources/main.o"  -o "Sources/main.o" ../Sources/main.cpp
'Finished building: ../Sources/main.cpp'
' '
'Building file: ../Sources/usb.cpp'
'Invoking: ARM C++ Compiler'
arm-none-eabi-g++ -mcpu=cortex-m4 -mthumb -g3 -O0 -ffunction-sections -fdata-sections -fno-rtti -Wall -Wextra -DDEBUG_BUILD -D__CORTEX_M4 -D__CMSIS_RTOS -I"C:/Users/podonoghue/Documents/Development/T962a_Oven_Controller/Software/SMT_Oven_RTOS/Sources" -I"C:/Users/podonoghue/Documents/Development/T962a_Oven_Controller/Software/SMT_Oven_RTOS/Project_Headers" -I"C:/Users/podonoghue/Documents/Development/T962a_Oven_Controller/Software/SMT_Oven_RTOS/cmsis" -I"C:/Users/podonoghue/Documents/Development/T962a_Oven_Controller/Software/SMT_Oven_RTOS/cmsis/INC" -I"C:/Users/podonoghue/Documents/Development/T962a_Oven_Controller/Software/SMT_Oven_RTOS/cmsis/SRC" -fno-exceptions -std=gnu++11 -c -fmessage-length=0 -MT"Sources/usb.o" -MMD -MP -MF"Sources/usb.d" -MT"Sources/usb.o"  -o "Sources/usb.o" ../Sources/usb.cpp
'Finished building: ../Sources/usb.cpp'
' '
'Building file: ../Sources/usb_implementation_cdc.cpp'
'Invoking: ARM C++ Compiler'
arm-none-eabi-g++ -mcpu=cortex-m4 -mthumb -g3 -O0 -ffunction-sections -fdata-sections -fno-rtti -Wall -Wextra -DDEBUG_BUILD -D__CORTEX_M4 -D__CMSIS_RTOS -I"C:/Users/podonoghue/Documents/Development/T962a_Oven_Controller/Software/SMT_Oven_RTOS/Sources" -I"C:/Users/podonoghue/Documents/Development/T962a_Oven_Controller/Software/SMT_Oven_RTOS/Project_Headers" -I"C:/Users/podonoghue/Documents/Development/T962a_Oven_Controller/Software/SMT_Oven_RTOS/cmsis" -I"C:/Users/podonoghue/Documents/Development/T962a_Oven_Controller/Software/SMT_Oven_RTOS/cmsis/INC" -I"C:/Users/podonoghue/Documents/Development/T962a_Oven_Controller/Software/SMT_Oven_RTOS/cmsis/SRC" -fno-exceptions -std=gnu++11 -c -fmessage-length=0 -MT"Sources/usb_implementation_cdc.o" -MMD -MP -MF"Sources/usb_implementation_cdc.d" -MT"Sources/usb_implementation_cdc.o"  -o "Sources/usb_implementation_cdc.o" ../Sources/usb_implementation_cdc.cpp
'Finished building: ../Sources/usb_implementation_cdc.cpp'
' '
'Building target: SMT_Oven_RTOS.elf'
'Invoking: ARM C++ Linker'
arm-none-eabi-g++ -mcpu=cortex-m4 -mthumb -g3 -O0 -Wl,--gc-sections -L"C:/Users/podonoghue/Documents/Development/T962a_Oven_Controller/Software/SMT_Oven_RTOS/Project_Settings/Linker_Files" --specs=nano.specs -u _printf_float -T "Linker-rom.ld" -Xlinker -Map="SMT_Oven_RTOS.map"  -o "SMT_Oven_RTOS.elf"  ./cmsis/SRC/HAL_CM.o ./cmsis/SRC/rt_CMSIS.o ./cmsis/SRC/rt_Event.o ./cmsis/SRC/rt_List.o ./cmsis/SRC/rt_Mailbox.o ./cmsis/SRC/rt_MemBox.o ./cmsis/SRC/rt_Memory.o ./cmsis/SRC/rt_Mutex.o ./cmsis/SRC/rt_Robin.o ./cmsis/SRC/rt_Semaphore.o ./cmsis/SRC/rt_System.o ./cmsis/SRC/rt_Task.o ./cmsis/SRC/rt_Time.o ./cmsis/SRC/rt_Timer.o  ./cmsis/GCC/HAL_CM4.o ./cmsis/GCC/SVC_Table.o  ./Startup_Code/console.o ./Startup_Code/mcg.o ./Startup_Code/newlib_stubs.o ./Startup_Code/rtc.o ./Startup_Code/startup_ARMLtdGCC.o ./Startup_Code/system.o ./Startup_Code/vectors.o  ./Sources/CDCInterface.o ./Sources/RTX_Conf_CM.o ./Sources/RemoteInterface.o ./Sources/cdc.o ./Sources/configure.o ./Sources/copyProfile.o ./Sources/delay.o ./Sources/editProfile.o ./Sources/flash.o ./Sources/fonts.o ./Sources/hardware.o ./Sources/i2c.o ./Sources/main.o ./Sources/mainMenu.o ./Sources/manageProfiles.o ./Sources/max31855.o ./Sources/messageBox.o ./Sources/plotting.o ./Sources/reporter.o ./Sources/runProfile.o ./Sources/settings.o ./Sources/solderProfiles.o ./Sources/spi.o ./Sources/stepResponse.o ./Sources/usb.o ./Sources/usb_implementation_cdc.o ./Sources/usbdmError.o   
'Finished building target: SMT_Oven_RTOS.elf'
' '
'Invoking: ARM Sizer'
arm-none-eabi-size "SMT_Oven_RTOS.elf" --format=sysv --radix=10   >"SMT_Oven_RTOS.size"
'Finished building: SMT_Oven_RTOS.size'
' '
'Invoking: ARM Symbol Table'
arm-none-eabi-nm "SMT_Oven_RTOS.elf" --demangle --defined-only --extern-only --numeric-sort   >"SMT_Oven_RTOS.sym"
'Finished building: SMT_Oven_RTOS.sym'
' '

11:09:47 Build Finished (took 3s.651ms)

